# JRE version: OpenJDK Runtime Environment (8.0_152-b01) (build 1.8.0_152-release-1024-b01)
# Java VM: OpenJDK 64-Bit Server VM (25.152-b01 mixed mode linux-amd64 compressed oops)
Heap:
 PSYoungGen      total 229376K, used 41446K [0x00000000eab00000, 0x00000000fbf80000, 0x0000000100000000)
  eden space 187904K, 0% used [0x00000000eab00000,0x00000000eab00000,0x00000000f6280000)
  from space 41472K, 99% used [0x00000000f6280000,0x00000000f8af9950,0x00000000f8b00000)
  to   space 24576K, 0% used [0x00000000f8b00000,0x00000000f8b00000,0x00000000fa300000)
 ParOldGen       total 129024K, used 128657K [0x00000000c0000000, 0x00000000c7e00000, 0x00000000eab00000)
  object space 129024K, 99% used [0x00000000c0000000,0x00000000c7da46f0,0x00000000c7e00000)
 Metaspace       used 88998K, capacity 93400K, committed 93656K, reserved 1130496K
  class space    used 11262K, capacity 12209K, committed 12288K, reserved 1048576K
GC Heap History (10 events):
Event: 11369,073 GC heap after
Heap after GC invocations=19 (full 3):
 PSYoungGen      total 219136K, used 16191K [0x00000000eab00000, 0x00000000fc000000, 0x0000000100000000)
  eden space 202752K, 0% used [0x00000000eab00000,0x00000000eab00000,0x00000000f7100000)
  from space 16384K, 98% used [0x00000000fb000000,0x00000000fbfcfcc8,0x00000000fc000000)
  to   space 26624K, 0% used [0x00000000f8c00000,0x00000000f8c00000,0x00000000fa600000)
 ParOldGen       total 115712K, used 54085K [0x00000000c0000000, 0x00000000c7100000, 0x00000000eab00000)
  object space 115712K, 46% used [0x00000000c0000000,0x00000000c34d1778,0x00000000c7100000)
 Metaspace       used 70954K, capacity 73916K, committed 73944K, reserved 1114112K
  class space    used 9246K, capacity 9976K, committed 9984K, reserved 1048576K
}
Event: 11406,044 GC heap before
{Heap before GC invocations=20 (full 3):
 PSYoungGen      total 219136K, used 218943K [0x00000000eab00000, 0x00000000fc000000, 0x0000000100000000)
  eden space 202752K, 100% used [0x00000000eab00000,0x00000000f7100000,0x00000000f7100000)
  from space 16384K, 98% used [0x00000000fb000000,0x00000000fbfcfcc8,0x00000000fc000000)
  to   space 26624K, 0% used [0x00000000f8c00000,0x00000000f8c00000,0x00000000fa600000)
 ParOldGen       total 115712K, used 54085K [0x00000000c0000000, 0x00000000c7100000, 0x00000000eab00000)
  object space 115712K, 46% used [0x00000000c0000000,0x00000000c34d1778,0x00000000c7100000)
 Metaspace       used 72476K, capacity 75784K, committed 75992K, reserved 1116160K
  class space    used 9356K, capacity 10129K, committed 10240K, reserved 1048576K
Event: 11406,331 GC heap after
Heap after GC invocations=20 (full 3):
 PSYoungGen      total 217600K, used 22816K [0x00000000eab00000, 0x00000000fb080000, 0x0000000100000000)
  eden space 194560K, 0% used [0x00000000eab00000,0x00000000eab00000,0x00000000f6900000)
  from space 23040K, 99% used [0x00000000f8c00000,0x00000000fa248378,0x00000000fa280000)
  to   space 14336K, 0% used [0x00000000fa280000,0x00000000fa280000,0x00000000fb080000)
 ParOldGen       total 115712K, used 54093K [0x00000000c0000000, 0x00000000c7100000, 0x00000000eab00000)
  object space 115712K, 46% used [0x00000000c0000000,0x00000000c34d3778,0x00000000c7100000)
 Metaspace       used 72476K, capacity 75784K, committed 75992K, reserved 1116160K
  class space    used 9356K, capacity 10129K, committed 10240K, reserved 1048576K
}
Event: 11428,130 GC heap before
{Heap before GC invocations=21 (full 3):
 PSYoungGen      total 217600K, used 217376K [0x00000000eab00000, 0x00000000fb080000, 0x0000000100000000)
  eden space 194560K, 100% used [0x00000000eab00000,0x00000000f6900000,0x00000000f6900000)
  from space 23040K, 99% used [0x00000000f8c00000,0x00000000fa248378,0x00000000fa280000)
  to   space 14336K, 0% used [0x00000000fa280000,0x00000000fa280000,0x00000000fb080000)
 ParOldGen       total 115712K, used 54093K [0x00000000c0000000, 0x00000000c7100000, 0x00000000eab00000)
  object space 115712K, 46% used [0x00000000c0000000,0x00000000c34d3778,0x00000000c7100000)
 Metaspace       used 74038K, capacity 77570K, committed 77656K, reserved 1116160K
  class space    used 9498K, capacity 10298K, committed 10368K, reserved 1048576K
Event: 11428,490 GC heap after
Heap after GC invocations=21 (full 3):
 PSYoungGen      total 201216K, used 14308K [0x00000000eab00000, 0x00000000fb080000, 0x0000000100000000)
  eden space 186880K, 0% used [0x00000000eab00000,0x00000000eab00000,0x00000000f6180000)
  from space 14336K, 99% used [0x00000000fa280000,0x00000000fb0791e0,0x00000000fb080000)
  to   space 31744K, 0% used [0x00000000f7280000,0x00000000f7280000,0x00000000f9180000)
 ParOldGen       total 115712K, used 63373K [0x00000000c0000000, 0x00000000c7100000, 0x00000000eab00000)
  object space 115712K, 54% used [0x00000000c0000000,0x00000000c3de3478,0x00000000c7100000)
 Metaspace       used 74038K, capacity 77570K, committed 77656K, reserved 1116160K
  class space    used 9498K, capacity 10298K, committed 10368K, reserved 1048576K
}
Event: 11502,963 GC heap before
{Heap before GC invocations=22 (full 3):
 PSYoungGen      total 201216K, used 201188K [0x00000000eab00000, 0x00000000fb080000, 0x0000000100000000)
  eden space 186880K, 100% used [0x00000000eab00000,0x00000000f6180000,0x00000000f6180000)
  from space 14336K, 99% used [0x00000000fa280000,0x00000000fb0791e0,0x00000000fb080000)
  to   space 31744K, 0% used [0x00000000f7280000,0x00000000f7280000,0x00000000f9180000)
 ParOldGen       total 115712K, used 63373K [0x00000000c0000000, 0x00000000c7100000, 0x00000000eab00000)
  object space 115712K, 54% used [0x00000000c0000000,0x00000000c3de3478,0x00000000c7100000)
 Metaspace       used 80021K, capacity 83634K, committed 83672K, reserved 1122304K
  class space    used 10154K, capacity 10972K, committed 11008K, reserved 1048576K
Event: 11503,299 GC heap after
Heap after GC invocations=22 (full 3):
 PSYoungGen      total 204800K, used 24802K [0x00000000eab00000, 0x00000000fa300000, 0x0000000100000000)
  eden space 179712K, 0% used [0x00000000eab00000,0x00000000eab00000,0x00000000f5a80000)
  from space 25088K, 98% used [0x00000000f7280000,0x00000000f8ab8b88,0x00000000f8b00000)
  to   space 24576K, 0% used [0x00000000f8b00000,0x00000000f8b00000,0x00000000fa300000)
 ParOldGen       total 115712K, used 63389K [0x00000000c0000000, 0x00000000c7100000, 0x00000000eab00000)
  object space 115712K, 54% used [0x00000000c0000000,0x00000000c3de7478,0x00000000c7100000)
 Metaspace       used 80021K, capacity 83634K, committed 83672K, reserved 1122304K
  class space    used 10154K, capacity 10972K, committed 11008K, reserved 1048576K
}
Event: 11523,322 GC heap before
{Heap before GC invocations=23 (full 3):
 PSYoungGen      total 204800K, used 204264K [0x00000000eab00000, 0x00000000fa300000, 0x0000000100000000)
  eden space 179712K, 99% used [0x00000000eab00000,0x00000000f5a41828,0x00000000f5a80000)
  from space 25088K, 98% used [0x00000000f7280000,0x00000000f8ab8b88,0x00000000f8b00000)
  to   space 24576K, 0% used [0x00000000f8b00000,0x00000000f8b00000,0x00000000fa300000)
 ParOldGen       total 115712K, used 63389K [0x00000000c0000000, 0x00000000c7100000, 0x00000000eab00000)
  object space 115712K, 54% used [0x00000000c0000000,0x00000000c3de7478,0x00000000c7100000)
 Metaspace       used 88003K, capacity 92242K, committed 92504K, reserved 1130496K
  class space    used 11160K, capacity 12084K, committed 12160K, reserved 1048576K
Event: 11523,789 GC heap after
Heap after GC invocations=23 (full 3):
 PSYoungGen      total 212480K, used 24564K [0x00000000eab00000, 0x00000000fbf80000, 0x0000000100000000)
  eden space 187904K, 0% used [0x00000000eab00000,0x00000000eab00000,0x00000000f6280000)
  from space 24576K, 99% used [0x00000000f8b00000,0x00000000fa2fd1d0,0x00000000fa300000)
  to   space 41472K, 0% used [0x00000000f6280000,0x00000000f6280000,0x00000000f8b00000)
 ParOldGen       total 115712K, used 78727K [0x00000000c0000000, 0x00000000c7100000, 0x00000000eab00000)
  object space 115712K, 68% used [0x00000000c0000000,0x00000000c4ce1ee8,0x00000000c7100000)
 Metaspace       used 88003K, capacity 92242K, committed 92504K, reserved 1130496K
  class space    used 11160K, capacity 12084K, committed 12160K, reserved 1048576K
}
Event: 11551,347 GC heap before
{Heap before GC invocations=24 (full 3):
 PSYoungGen      total 212480K, used 212468K [0x00000000eab00000, 0x00000000fbf80000, 0x0000000100000000)
  eden space 187904K, 100% used [0x00000000eab00000,0x00000000f6280000,0x00000000f6280000)
  from space 24576K, 99% used [0x00000000f8b00000,0x00000000fa2fd1d0,0x00000000fa300000)
  to   space 41472K, 0% used [0x00000000f6280000,0x00000000f6280000,0x00000000f8b00000)
 ParOldGen       total 115712K, used 78727K [0x00000000c0000000, 0x00000000c7100000, 0x00000000eab00000)
  object space 115712K, 68% used [0x00000000c0000000,0x00000000c4ce1ee8,0x00000000c7100000)
 Metaspace       used 88998K, capacity 93400K, committed 93656K, reserved 1130496K
  class space    used 11262K, capacity 12209K, committed 12288K, reserved 1048576K

